********************************************************************************
DUPLICATOR-LITE PACKAGE-LOG: 2017-07-16 10:59:10
NOTICE: Do NOT post to public sites or forums 
********************************************************************************
VERSION:	1.2.10
WORDPRESS:	4.8
PHP INFO:	7.1.1 | SAPI: fpm-fcgi
SERVER:		Apache/2.4.25 (Unix) OpenSSL/1.0.2g 
PHP TIME LIMIT: (0) no time limit imposed 
PHP MAX MEMORY: 2048M (256M default) 
MEMORY STACK: 6MB 

********************************************************************************
DATABASE:
********************************************************************************
BUILD MODE:   PHP(query limit - 100)
MYSQLTIMEOUT: 5000
MYSQLDUMP:    Is Supported 
TABLES: total:23 | filtered:0 | create:23 
FILTERED: [] 
SQL CREATED: 20170716_arcobotics_c74e7134eec6f43b6862170716105845_database.sql 
SQL FILE SIZE: 4.62MB (4847106) 
SQL FILE TIME: 2017-07-16 10:59:11 
SQL RUNTIME: 0.59 sec. 

******************************************************************************** 
ARCHIVE (ZIP): 
******************************************************************************** 
ARCHIVE DIR:  /srv/users/serverpilot/apps/arcobotics/public 
ARCHIVE FILE: 20170716_arcobotics_c74e7134eec6f43b6862170716105845_archive.zip 
FILTERS: *OFF* 
DIRS:
	not set 
FILES:
	not set 
EXTS:  not set 
---------------------------------------- 
COMPRESSING 
SIZE:	177.02MB 
STATS:	Dirs 808 | Files 5,323 
SQL ADDED: 20170716_arcobotics_c74e7134eec6f43b6862170716105845_database.sql 
ZipArchive Object
(
    [status] => 0
    [statusSys] => 0
    [numFiles] => 6131
    [filename] => /srv/users/serverpilot/apps/arcobotics/public/wp-snapshots/tmp/20170716_arcobotics_c74e7134eec6f43b6862170716105845_archive.zip
    [comment] => 
)
 
COMPRESSION RESULT: '1' 
COMPRESSED SIZE: 125.49MB 
ARCHIVE RUNTIME: 15.24 sec. 
MEMORY STACK: 10MB 

******************************************************************************** 
MAKE INSTALLER: 
******************************************************************************** 
Build Start 
Build Finished 
Preping for use 
Template parsed with new data 
Complete [/srv/users/serverpilot/apps/arcobotics/public/wp-snapshots/tmp/20170716_arcobotics_c74e7134eec6f43b6862170716105845_installer.php] 
Added to archive 

******************************************************************************** 
INTEGRITY CHECKS: 
******************************************************************************** 
SQL File: 4.62MB 
Installer File: 431.68KB 
Archive File: 125.49MB  

********************************************************************************
RECORD ID:[1]
TOTAL PROCESS RUNTIME: 16.70 sec.
PEAK PHP MEMORY USED: 10MB
DONE PROCESSING => 20170716_arcobotics 2017-07-16 10:59:27
 
