********************************************************************************
DUPLICATOR-LITE PACKAGE-LOG: 2017-09-20 09:44:58
NOTICE: Do NOT post to public sites or forums 
********************************************************************************
VERSION:	1.2.24
WORDPRESS:	4.8.2
PHP INFO:	7.1.9 | SAPI: fpm-fcgi
SERVER:		Apache/2.4.27 (Unix) OpenSSL/1.0.2g 
PHP TIME LIMIT: (0) no time limit imposed 
PHP MAX MEMORY: 2048M (256M default) 
MEMORY STACK: 4MB 

********************************************************************************
DATABASE:
********************************************************************************
BUILD MODE:   MYSQLDUMP
MYSQLTIMEOUT: 5000
MYSQLDUMP:    Is Supported 
FILTERED: [] 
RESPONSE: mysqldump: [Warning] Using a password on the command line interface can be insecure.
 
TABLES: total:15 | filtered:0 | create:15 
SQL CREATED: 20170920_arcobotics_645e2f0e1a2e1c477051170920094422_database.sql 
SQL FILE SIZE: 2.54MB (2665746) 
SQL FILE TIME: 2017-09-20 09:44:58 
SQL RUNTIME: 0.17 sec. 

******************************************************************************** 
ARCHIVE (ZIP): 
******************************************************************************** 
ARCHIVE DIR:  /srv/users/serverpilot/apps/arcobotics/public 
ARCHIVE FILE: 20170920_arcobotics_645e2f0e1a2e1c477051170920094422_archive.zip 
FILTERS: *ON* 
DIRS:
	not set 
FILES:
	not set 
EXTS:  not set 
---------------------------------------- 
COMPRESSING 
SIZE:	192.57MB 
STATS:	Dirs 647 | Files 4,629 
SQL ADDED: 20170920_arcobotics_645e2f0e1a2e1c477051170920094422_database.sql 
ZipArchive Object
(
    [status] => 0
    [statusSys] => 0
    [numFiles] => 5276
    [filename] => /srv/users/serverpilot/apps/arcobotics/public/wp-snapshots/tmp/20170920_arcobotics_645e2f0e1a2e1c477051170920094422_archive.zip
    [comment] => 
)
 
COMPRESSION RESULT: '1' 
COMPRESSED SIZE: 149.27MB 
ARCHIVE RUNTIME: 16.43 sec. 
MEMORY STACK: 4MB 

******************************************************************************** 
MAKE INSTALLER: 
******************************************************************************** 
Build Start 
Build Finished 
Preping for use 
PACK SIZE:  
Template parsed with new data 
Complete [/srv/users/serverpilot/apps/arcobotics/public/wp-snapshots/tmp/20170920_arcobotics_645e2f0e1a2e1c477051170920094422_installer.php] 
Added to archive 

******************************************************************************** 
INTEGRITY CHECKS: 
******************************************************************************** 
SQL File: 2.54MB 
Installer File: 435.01KB 
Archive File: 149.27MB  

********************************************************************************
RECORD ID:[2]
TOTAL PROCESS RUNTIME: 18.18 sec.
PEAK PHP MEMORY USED: 6MB
DONE PROCESSING => 20170920_arcobotics 2017-09-20 09:45:16
 
